<?xml version="1.0" encoding="UTF-8"?>
<testsuite xmlns:xsi="http://www.w3.org/2001/XMLSchema-instance" xsi:noNamespaceSchemaLocation="https://maven.apache.org/surefire/maven-surefire-plugin/xsd/surefire-test-report.xsd" version="3.0.2" name="br.ufes.inf.SuaPousada.SuaPousadaApplicationTests" time="3.424" tests="1" errors="0" skipped="0" failures="0" flakes="0">
  <properties>
[...]
</properties>
  <testcase name="contextLoads" classname="br.ufes.inf.SuaPousada.SuaPousadaApplicationTests" time="0.353">
    <system-out><![CDATA[23:13:46.361 [main] INFO org.springframework.test.context.support.AnnotationConfigContextLoaderUtils -- Could not detect default configuration classes for test class [br.ufes.inf.SuaPousada.SuaPousadaApplicationTests]: SuaPousadaApplicationTests does not declare any static, non-private, non-final, nested classes annotated with @Configuration.
23:13:46.440 [main] INFO org.springframework.boot.test.context.SpringBootTestContextBootstrapper -- Found @SpringBootConfiguration br.ufes.inf.SuaPousada.SuaPousadaApplication for test class br.ufes.inf.SuaPousada.SuaPousadaApplicationTests
23:13:46.500 [main] INFO org.springframework.test.context.support.AnnotationConfigContextLoaderUtils -- Could not detect default configuration classes for test class [br.ufes.inf.SuaPousada.SuaPousadaApplicationTests]: SuaPousadaApplicationTests does not declare any static, non-private, non-final, nested classes annotated with @Configuration.
23:13:46.503 [main] INFO org.springframework.boot.test.context.SpringBootTestContextBootstrapper -- Found @SpringBootConfiguration br.ufes.inf.SuaPousada.SuaPousadaApplication for test class br.ufes.inf.SuaPousada.SuaPousadaApplicationTests

  .   ____          _            __ _ _
 /\\ / ___'_ __ _ _(_)_ __  __ _ \ \ \ \
( ( )\___ | '_ | '_| | '_ \/ _` | \ \ \ \
 \\/  ___)| |_)| | | | | || (_| |  ) ) ) )
  '  |____| .__|_| |_|_| |_\__, | / / / /
 =========|_|==============|___/=/_/_/_/

 :: Spring Boot ::                (v4.0.6)

2026-06-17T23:13:46.768-03:00  INFO 46004 --- [SuaPousada] [           main] b.u.i.S.SuaPousadaApplicationTests       : Starting SuaPousadaApplicationTests using Java 21.0.11 with PID 46004 (started by yuri-mutz in /home/yuri-mutz/Dev/SuaPousada)
2026-06-17T23:13:46.770-03:00  INFO 46004 --- [SuaPousada] [           main] b.u.i.S.SuaPousadaApplicationTests       : No active profile set, falling back to 1 default profile: "default"
2026-06-17T23:13:47.300-03:00  INFO 46004 --- [SuaPousada] [           main] .s.d.r.c.RepositoryConfigurationDelegate : Bootstrapping Spring Data JPA repositories in DEFAULT mode.
2026-06-17T23:13:47.319-03:00  INFO 46004 --- [SuaPousada] [           main] .s.d.r.c.RepositoryConfigurationDelegate : Finished Spring Data repository scanning in 11 ms. Found 0 JPA repository interfaces.
2026-06-17T23:13:47.555-03:00  INFO 46004 --- [SuaPousada] [           main] com.zaxxer.hikari.HikariDataSource       : HikariPool-1 - Starting...
2026-06-17T23:13:47.682-03:00  INFO 46004 --- [SuaPousada] [           main] com.zaxxer.hikari.pool.HikariPool        : HikariPool-1 - Added connection conn0: url=jdbc:h2:mem:3b73f1e6-8a5b-4f91-997c-36719a2bdfed user=SA
2026-06-17T23:13:47.683-03:00  INFO 46004 --- [SuaPousada] [           main] com.zaxxer.hikari.HikariDataSource       : HikariPool-1 - Start completed.
2026-06-17T23:13:47.703-03:00  INFO 46004 --- [SuaPousada] [           main] org.hibernate.orm.jpa                    : HHH008540: Processing PersistenceUnitInfo [name: default]
2026-06-17T23:13:47.734-03:00  INFO 46004 --- [SuaPousada] [           main] org.hibernate.orm.core                   : HHH000001: Hibernate ORM core version 7.2.12.Final
2026-06-17T23:13:48.136-03:00  INFO 46004 --- [SuaPousada] [           main] o.s.o.j.p.SpringPersistenceUnitInfo      : No LoadTimeWeaver setup: ignoring JPA class transformer
2026-06-17T23:13:48.205-03:00  INFO 46004 --- [SuaPousada] [           main] org.hibernate.orm.connections.pooling    : HHH10001005: Database info:
	Database JDBC URL [jdbc:h2:mem:3b73f1e6-8a5b-4f91-997c-36719a2bdfed]
	Database driver: H2 JDBC Driver
	Database dialect: H2Dialect
	Database version: 2.4.240
	Default catalog/schema: 3B73F1E6-8A5B-4F91-997C-36719A2BDFED/PUBLIC
	Autocommit mode: undefined/unknown
	Isolation level: READ_COMMITTED [default READ_COMMITTED]
	JDBC fetch size: 100
	Pool: DataSourceConnectionProvider
	Minimum pool size: undefined/unknown
	Maximum pool size: undefined/unknown
2026-06-17T23:13:48.790-03:00  INFO 46004 --- [SuaPousada] [           main] org.hibernate.orm.core                   : HHH000489: No JTA platform available (set 'hibernate.transaction.jta.platform' to enable JTA platform integration)
2026-06-17T23:13:48.814-03:00  INFO 46004 --- [SuaPousada] [           main] j.LocalContainerEntityManagerFactoryBean : Initialized JPA EntityManagerFactory for persistence unit 'default'
2026-06-17T23:13:48.874-03:00  WARN 46004 --- [SuaPousada] [           main] JpaBaseConfiguration$JpaWebConfiguration : spring.jpa.open-in-view is enabled by default. Therefore, database queries may be performed during view rendering. Explicitly configure spring.jpa.open-in-view to disable this warning
2026-06-17T23:13:48.893-03:00  INFO 46004 --- [SuaPousada] [           main] o.s.b.w.a.WelcomePageHandlerMapping      : Adding welcome page: class path resource [static/index.html]
2026-06-17T23:13:49.238-03:00  INFO 46004 --- [SuaPousada] [           main] b.u.i.S.SuaPousadaApplicationTests       : Started SuaPousadaApplicationTests in 2.68 seconds (process running for 3.49)
]]></system-out>
    <system-err><![CDATA[Mockito is currently self-attaching to enable the inline-mock-maker. This will no longer work in future releases of the JDK. Please add Mockito as an agent to your build as described in Mockito's documentation: https://javadoc.io/doc/org.mockito/mockito-core/latest/org.mockito/org/mockito/Mockito.html#0.3
WARNING: A Java agent has been loaded dynamically (/home/yuri-mutz/.m2/repository/net/bytebuddy/byte-buddy-agent/1.17.8/byte-buddy-agent-1.17.8.jar)
WARNING: If a serviceability tool is in use, please run with -XX:+EnableDynamicAgentLoading to hide this warning
WARNING: If a serviceability tool is not in use, please run with -Djdk.instrument.traceUsage for more information
WARNING: Dynamic loading of agents will be disallowed by default in a future release
]]></system-err>
  </testcase>
</testsuite>